2025-06-18 12:50:48,037 - conftest.py:[52] - [INFO] - --- Test run started. Logging to F:\TY_New\PythonRMG\HarshaFW_Python\logs\logs_18_06_2025_12_50_48\log_18_06_2025_12_50_48.log ---
2025-06-18 12:50:48,038 - base_test.py:[34] - [INFO] - --- Starting test: test_successful_login ---
2025-06-18 12:50:48,046 - base_test.py:[78] - [INFO] - Setting up 'chrome' browser (Headless: False)
2025-06-18 12:50:51,182 - base_test.py:[97] - [INFO] - Chrome WebDriver initialized successfully using Selenium Manager.
2025-06-18 12:50:52,114 - base_page.py:[102] - [INFO] - Successfully navigated to: https://www.saucedemo.com/
2025-06-18 12:50:52,222 - base_page.py:[70] - [INFO] - Element is visible: ('id', 'user-name')
2025-06-18 12:50:52,224 - login_page.py:[24] - [INFO] - Attempting to log in with username: standard_user
2025-06-18 12:50:52,604 - base_page.py:[55] - [INFO] - Successfully entered text into element: ('id', 'user-name')
2025-06-18 12:50:53,012 - base_page.py:[55] - [INFO] - Successfully entered text into element: ('id', 'password')
2025-06-18 12:50:53,316 - base_page.py:[38] - [INFO] - Successfully clicked element: ('id', 'login-button')
2025-06-18 12:50:53,372 - base_page.py:[70] - [INFO] - Element is visible: ('class name', 'app_logo')
2025-06-18 12:50:53,390 - base_page.py:[94] - [INFO] - Current page title: Swag Labs
2025-06-18 12:50:53,398 - base_test.py:[70] - [INFO] - --- Finished test: test_successful_login ---
2025-06-18 12:50:56,654 - base_test.py:[34] - [INFO] - --- Starting test: test_invalid_login ---
2025-06-18 12:50:56,663 - base_test.py:[78] - [INFO] - Setting up 'chrome' browser (Headless: False)
2025-06-18 12:50:59,804 - base_test.py:[97] - [INFO] - Chrome WebDriver initialized successfully using Selenium Manager.
2025-06-18 12:51:01,033 - base_page.py:[102] - [INFO] - Successfully navigated to: https://www.saucedemo.com/
2025-06-18 12:51:01,185 - base_page.py:[70] - [INFO] - Element is visible: ('id', 'user-name')
2025-06-18 12:51:01,187 - login_page.py:[24] - [INFO] - Attempting to log in with username: invalid_user
2025-06-18 12:51:01,883 - base_page.py:[55] - [INFO] - Successfully entered text into element: ('id', 'user-name')
2025-06-18 12:51:02,236 - base_page.py:[55] - [INFO] - Successfully entered text into element: ('id', 'password')
2025-06-18 12:51:02,470 - base_page.py:[38] - [INFO] - Successfully clicked element: ('id', 'login-button')
2025-06-18 12:51:02,518 - base_page.py:[70] - [INFO] - Element is visible: ('css selector', "h3[data-test='error']")
2025-06-18 12:51:02,585 - base_page.py:[84] - [INFO] - Retrieved text 'Epic sadface: Username and password do not match any user in this service' from element: ('css selector', "h3[data-test='error']")
2025-06-18 12:51:13,126 - base_page.py:[73] - [INFO] - Element is not visible within 5s: ('class name', 'app_logo')
2025-06-18 12:51:13,133 - base_test.py:[70] - [INFO] - --- Finished test: test_invalid_login ---
2025-06-18 12:51:16,503 - base_test.py:[34] - [INFO] - --- Starting test: test_login_failure_for_screenshot ---
2025-06-18 12:51:16,510 - base_test.py:[78] - [INFO] - Setting up 'chrome' browser (Headless: False)
2025-06-18 12:51:20,041 - base_test.py:[97] - [INFO] - Chrome WebDriver initialized successfully using Selenium Manager.
2025-06-18 12:51:21,041 - base_page.py:[102] - [INFO] - Successfully navigated to: https://www.saucedemo.com/
2025-06-18 12:51:21,043 - login_page.py:[24] - [INFO] - Attempting to log in with username: standard_user
2025-06-18 12:51:21,637 - base_page.py:[55] - [INFO] - Successfully entered text into element: ('id', 'user-name')
2025-06-18 12:51:22,181 - base_page.py:[55] - [INFO] - Successfully entered text into element: ('id', 'password')
2025-06-18 12:51:22,468 - base_page.py:[38] - [INFO] - Successfully clicked element: ('id', 'login-button')
2025-06-18 12:51:22,582 - base_page.py:[70] - [INFO] - Element is visible: ('class name', 'app_logo')
2025-06-18 12:51:22,584 - test_login.py:[91] - [INFO] - Now asserting for an incorrect title to trigger a failure.
2025-06-18 12:51:22,604 - base_page.py:[94] - [INFO] - Current page title: Swag Labs
2025-06-18 12:51:24,252 - base_test.py:[103] - [ERROR] - Test 'test_login_failure_for_screenshot' failed. Capturing Allure screenshot.
2025-06-18 12:51:24,254 - base_test.py:[113] - [INFO] - Waiting for 2 seconds before taking screenshot...
2025-06-18 12:51:26,548 - base_test.py:[119] - [INFO] - Screenshot for Allure saved to: F:\TY_New\PythonRMG\HarshaFW_Python\reports\screenshots\failed_test_login_failure_for_screenshot_20250618_125124.png
2025-06-18 12:51:26,551 - base_test.py:[70] - [INFO] - --- Finished test: test_login_failure_for_screenshot ---
2025-06-18 12:51:29,873 - conftest.py:[54] - [INFO] - --- Test run finished. ---
