[8856:13700:1029/020048.642:INFO:components\enterprise\browser\controller\chrome_browser_cloud_management_controller.cc:206] No machine level policy manager exists.
[17464:14860:1029/020048.762:VERBOSE1:components\viz\service\main\viz_main_impl.cc:86] VizNullHypothesis is disabled (not a warning)
[17464:14860:1029/020048.762:ERROR:gpu\ipc\service\gpu_channel_manager.cc:925] Failed to create GLES3 context, fallback to GLES2.
[17464:14860:1029/020048.762:ERROR:gpu\ipc\service\gpu_channel_manager.cc:936] ContextResult::kFatalFailure: Failed to create shared context for virtualization.
[9564:10016:1029/020048.798:INFO:third_party\webrtc\rtc_base\cpu_info.cc:75] Available number of cores: 8
[12864:9072:1029/020048.818:INFO:third_party\webrtc\rtc_base\cpu_info.cc:75] Available number of cores: 8
[17464:14860:1029/020048.888:ERROR:gpu\ipc\service\gpu_channel_manager.cc:925] Failed to create GLES3 context, fallback to GLES2.
[17464:14860:1029/020048.890:ERROR:gpu\ipc\service\gpu_channel_manager.cc:936] ContextResult::kFatalFailure: Failed to create shared context for virtualization.
[17464:14860:1029/020048.890:ERROR:gpu\ipc\service\gpu_channel_manager.cc:925] Failed to create GLES3 context, fallback to GLES2.
[17464:14860:1029/020048.890:ERROR:gpu\ipc\service\gpu_channel_manager.cc:936] ContextResult::kFatalFailure: Failed to create shared context for virtualization.
[4884:17908:1029/020049.138:INFO:third_party\webrtc\rtc_base\cpu_info.cc:75] Available number of cores: 8
[19016:11620:1029/020049.587:INFO:third_party\webrtc\rtc_base\cpu_info.cc:75] Available number of cores: 8
[8856:13700:1029/020050.090:INFO:CONSOLE:12471] "Uncaught SyntaxError: Identifier 'gridItemseveryday' has already been declared", source: https://supertails.com/ (12471)
[8856:13700:1029/020050.569:INFO:CONSOLE:1] "Organization Schema injected successfully {"@context":"https://schema.org","@type":"Organization","name":"Supertails","url":"https://supertails.com/","logo":"https://supertails.com/logo.png","foundingDate":"2021","founders":[{"@type":"Person","name":"Varun Sadana"},{"@type":"Person","name":"Aman Tekriwal"},{"@type":"Person","name":"Vineet Khanna"}],"address":{"@type":"PostalAddress","addressLocality":"Bengaluru","addressRegion":"Karnataka","addressCountry":"India"},"contactPoint":{"@type":"ContactPoint","contactType":"Customer Service","email":"support@supertails.com","telephone":"+91-XXXXXXXXXX"},"sameAs":["https://www.linkedin.com/company/supertails","https://www.instagram.com/supertails.official","https://www.facebook.com/supertails.official"]}", source: https://supertails.com/cdn/shop/t/462/assets/theme.main.js?v=149373471587063618921760714209 (1)
[8856:13700:1029/020050.576:INFO:CONSOLE:1] "Run PageFly Theme Extension...", source: https://cdn.shopify.com/extensions/019a1f6a-7dea-7adc-a637-5229477c914e/pagefly-192/assets/pagefly-general-helper.js (1)
[8856:13700:1029/020050.604:INFO:CONSOLE:5] "productATCs ", source: https://cdn.shopify.com/extensions/019a1f6a-7dea-7adc-a637-5229477c914e/pagefly-192/assets/pagefly-product.js (5)
[11352:9860:1029/020050.631:INFO:third_party\webrtc\rtc_base\cpu_info.cc:75] Available number of cores: 8
[8856:13700:1029/020050.734:INFO:CONSOLE:0] "[DOM] Input elements should have autocomplete attributes (suggested: "current-password"): (More info: https://goo.gl/9p2vKq) %o", source: https://supertails.com/ (0)
[8856:13700:1029/020050.818:INFO:CONSOLE:1] "Retry recommendation function load0", source: https://supertails.com/cdn/shop/t/462/assets/recs_util.js?v=88176712007862772861715265433 (1)
[8856:13700:1029/020050.881:INFO:CONSOLE:169] "Script loaded and ready to execute", source: https://supertails.com/ (169)
[8856:13700:1029/020050.926:INFO:CONSOLE:1] "[SectionFocus] Section focus event handler registered", source: https://supertails.com/web-pixels/strict/app/web-pixel-1365180654@d1a7190d46d273194f6834a7392da19a.js (1)
[8856:13700:1029/020050.926:INFO:CONSOLE:1] "%c PageFly %c Customer Events Tracker %c Version 1.0.0 %c background:#4a4cf6;padding:2px 1px;border-radius:3px 0 0 3px;color:#FFFFFF background:#0094ff;padding:2px 1px;color:#000000 background:#FE2C55;padding:2px 1px;border-radius:0 3px 3px 0;color:#25F4EE background:transparent", source: https://supertails.com/web-pixels/strict/app/web-pixel-1365180654@d1a7190d46d273194f6834a7392da19a.js (1)
[17116:13452:1029/020051.456:INFO:third_party\webrtc\rtc_base\cpu_info.cc:75] Available number of cores: 8
[8856:13700:1029/020051.551:INFO:CONSOLE:1] "Fetched IP:  115.99.253.177", source: https://supertails.com/web-pixels/strict/app/web-pixel-1280278766@58087b76a5b180e90b3be29eb9450ffa.js (1)
[13784:13412:1029/020051.575:INFO:third_party\webrtc\rtc_base\cpu_info.cc:75] Available number of cores: 8
[2848:6328:1029/020051.819:INFO:third_party\webrtc\rtc_base\cpu_info.cc:75] Available number of cores: 8
[8856:13700:1029/020051.906:INFO:CONSOLE:0] "Refused to frame 'https://shop.app/' because an ancestor violates the following Content Security Policy directive: "frame-ancestors 'none'".
", source:  (0)
[8856:13700:1029/020051.912:INFO:CONSOLE:1] "Script loaded successfully: https://cdn.shopify.com/extensions/019a1f6a-7dea-7adc-a637-5229477c914e/pagefly-192/assets/pagefly-htmlvideo2.js", source: https://cdn.shopify.com/extensions/019a1f6a-7dea-7adc-a637-5229477c914e/pagefly-192/assets/pagefly-general-helper.js (1)
[8856:13700:1029/020051.918:INFO:CONSOLE:1] "Retry recommendation function load1", source: https://supertails.com/cdn/shop/t/462/assets/recs_util.js?v=88176712007862772861715265433 (1)
[12660:332:1029/020052.080:INFO:third_party\webrtc\rtc_base\cpu_info.cc:75] Available number of cores: 8
[8856:13700:1029/020052.142:INFO:CONSOLE:35] "7f975a56c761db6506eca0b37ce6ec87", source: https://wd-ret.io/rtg/v1/js/segment/segment.js?brack=7f975a56c761db6506eca0b37ce6ec87 (35)
[17036:17288:1029/020052.270:INFO:third_party\webrtc\rtc_base\cpu_info.cc:75] Available number of cores: 8
[8856:13700:1029/020052.336:INFO:CONSOLE:7] "In a sandboxed environment, addEventListener may not behave as expected.", source: https://supertails.com/web-pixels@b9edae67w24970098p66e94f8amf509c424/custom/web-pixel-106791150@24/sandbox/modern/ (7)
[8856:13700:1029/020052.536:INFO:CONSOLE:1] "success", source: https://supertails.com/web-pixels/strict/app/web-pixel-1280278766@58087b76a5b180e90b3be29eb9450ffa.js (1)
[19260:12892:1029/020052.571:INFO:third_party\webrtc\rtc_base\cpu_info.cc:75] Available number of cores: 8
[8856:13700:1029/020052.571:INFO:CONSOLE:7] "In a sandboxed environment, addEventListener may not behave as expected.", source: https://supertails.com/web-pixels@b9edae67w24970098p66e94f8amf509c424/custom/web-pixel-106463470@16/sandbox/modern/ (7)
[8856:13700:1029/020053.105:INFO:CONSOLE:1] "template data [object Object]", source: https://supertails.com/cdn/shop/t/462/assets/recs_util.js?v=88176712007862772861715265433 (1)
[8856:13700:1029/020053.105:INFO:CONSOLE:1] "[object Object]", source: https://supertails.com/cdn/shop/t/462/assets/recs_util.js?v=88176712007862772861715265433 (1)
[8856:13700:1029/020053.105:INFO:CONSOLE:1] "Found 0 nodes with class : _unbxd_recs-slider__item", source: https://libraries.unbxdapi.com/recs-sdk/v3.1.0/unbxd_recs_template_sdk_apac.js (1)
[8856:13700:1029/020053.105:INFO:CONSOLE:1] "Slider Parent id was not found in the DOM", source: https://libraries.unbxdapi.com/recs-sdk/v3.1.0/unbxd_recs_template_sdk_apac.js (1)
[8856:13700:1029/020053.369:INFO:CONSOLE:38] "[object Object]", source: https://supertails.com/cdn/shop/t/462/assets/autosuggest.js?v=13452279982068182091719223921 (38)
[8856:13700:1029/020054.669:INFO:CONSOLE:1] "[SectionFocus] Section focus event handler registered", source: https://supertails.com/web-pixels/strict/app/web-pixel-1365180654@d1a7190d46d273194f6834a7392da19a.js (1)
[8856:13700:1029/020054.669:INFO:CONSOLE:1] "%c PageFly %c Customer Events Tracker %c Version 1.0.0 %c background:#4a4cf6;padding:2px 1px;border-radius:3px 0 0 3px;color:#FFFFFF background:#0094ff;padding:2px 1px;color:#000000 background:#FE2C55;padding:2px 1px;border-radius:0 3px 3px 0;color:#25F4EE background:transparent", source: https://supertails.com/web-pixels/strict/app/web-pixel-1365180654@d1a7190d46d273194f6834a7392da19a.js (1)
[8856:13700:1029/020054.702:INFO:CONSOLE:7] "In a sandboxed environment, addEventListener may not behave as expected.", source: https://supertails.com/web-pixels@b9edae67w24970098p66e94f8amf509c424/custom/web-pixel-106791150@24/sandbox/modern/search?q=dog%20food (7)
[8856:13700:1029/020054.757:INFO:CONSOLE:1] "Organization Schema injected successfully {"@context":"https://schema.org","@type":"Organization","name":"Supertails","url":"https://supertails.com/","logo":"https://supertails.com/logo.png","foundingDate":"2021","founders":[{"@type":"Person","name":"Varun Sadana"},{"@type":"Person","name":"Aman Tekriwal"},{"@type":"Person","name":"Vineet Khanna"}],"address":{"@type":"PostalAddress","addressLocality":"Bengaluru","addressRegion":"Karnataka","addressCountry":"India"},"contactPoint":{"@type":"ContactPoint","contactType":"Customer Service","email":"support@supertails.com","telephone":"+91-XXXXXXXXXX"},"sameAs":["https://www.linkedin.com/company/supertails","https://www.instagram.com/supertails.official","https://www.facebook.com/supertails.official"]}", source: https://supertails.com/cdn/shop/t/462/assets/theme.main.js?v=149373471587063618921760714209 (1)
[8856:13700:1029/020054.759:INFO:CONSOLE:1] "Run PageFly Theme Extension...", source: https://cdn.shopify.com/extensions/019a1f6a-7dea-7adc-a637-5229477c914e/pagefly-192/assets/pagefly-general-helper.js (1)
[8856:13700:1029/020054.768:INFO:CONSOLE:5] "productATCs ", source: https://cdn.shopify.com/extensions/019a1f6a-7dea-7adc-a637-5229477c914e/pagefly-192/assets/pagefly-product.js (5)
[8856:13700:1029/020054.833:INFO:CONSOLE:737] "You navigate from the same website", source: https://supertails.com/cdn/shop/t/462/assets/edd.js?v=132275846680143164671754397711 (737)
[8856:13700:1029/020054.833:INFO:CONSOLE:737] "Generated OneLink parameters &af_js_web=true&af_ss_ver=2_9_2&pid=Website&c=homepage_download_banner&af_ss_ui=true", source: https://supertails.com/cdn/shop/t/462/assets/edd.js?v=132275846680143164671754397711 (737)
[8856:13700:1029/020054.833:INFO:CONSOLE:737] "Generated OneLink URL https://supertails-app.onelink.me/U54A?af_js_web=true&af_ss_ver=2_9_2&pid=Website&c=homepage_download_banner&af_ss_ui=true", source: https://supertails.com/cdn/shop/t/462/assets/edd.js?v=132275846680143164671754397711 (737)
[8856:13700:1029/020054.841:INFO:CONSOLE:0] "[DOM] Input elements should have autocomplete attributes (suggested: "current-password"): (More info: https://goo.gl/9p2vKq) %o", source: https://supertails.com/search?q=dog%20food (0)
[8856:13700:1029/020054.864:INFO:CONSOLE:7] "In a sandboxed environment, addEventListener may not behave as expected.", source: https://supertails.com/web-pixels@b9edae67w24970098p66e94f8amf509c424/custom/web-pixel-106463470@16/sandbox/modern/search?q=dog%20food (7)
[8856:13700:1029/020054.893:INFO:CONSOLE:168] "Script loaded and ready to execute", source: https://supertails.com/search?q=dog%20food (168)
[8856:13700:1029/020054.897:INFO:CONSOLE:12] "Something went wrong in page size: 'el' is not a valid DOM selector", source: https://supertails.com/cdn/shop/t/462/assets/edd.js?v=132275846680143164671754397711 (12)
[8856:13700:1029/020054.897:INFO:CONSOLE:12] "Something went wrong in Others: 'searchBoxEl' is not a valid DOM selector", source: https://supertails.com/cdn/shop/t/462/assets/edd.js?v=132275846680143164671754397711 (12)
[8856:13700:1029/020054.897:INFO:CONSOLE:12] "Something went wrong in product view: 'el' is not a valid DOM selector", source: https://supertails.com/cdn/shop/t/462/assets/edd.js?v=132275846680143164671754397711 (12)
[8856:13700:1029/020054.897:INFO:CONSOLE:12] "Something went wrong in product view: Only GRID, LIST are allowed for 'defaultViewType'", source: https://supertails.com/cdn/shop/t/462/assets/edd.js?v=132275846680143164671754397711 (12)
[8856:13700:1029/020054.899:INFO:CONSOLE:5] "uid uid-1761635393325-98759", source: https://supertails.com/cdn/shop/t/462/assets/edd.js?v=132275846680143164671754397711 (5)
[8856:13700:1029/020055.303:INFO:CONSOLE:1] "Fetched IP:  115.99.253.177", source: https://supertails.com/web-pixels/strict/app/web-pixel-1280278766@58087b76a5b180e90b3be29eb9450ffa.js (1)
[8856:13700:1029/020055.332:INFO:CONSOLE:1] "Error updating cart attributes: RestrictedUrlError: Requests are not allowed to the same origin: https://supertails.com/cart/update.js", source: https://supertails.com/web-pixels/strict/app/web-pixel-1280278766@58087b76a5b180e90b3be29eb9450ffa.js (1)
[8896:7816:1029/020055.369:INFO:third_party\webrtc\rtc_base\cpu_info.cc:75] Available number of cores: 8
[8856:13700:1029/020055.462:INFO:CONSOLE:1] "Script loaded successfully: https://cdn.shopify.com/extensions/019a1f6a-7dea-7adc-a637-5229477c914e/pagefly-192/assets/pagefly-htmlvideo2.js", source: https://cdn.shopify.com/extensions/019a1f6a-7dea-7adc-a637-5229477c914e/pagefly-192/assets/pagefly-general-helper.js (1)
[8856:13700:1029/020055.543:INFO:CONSOLE:5] "uid uid-1761635393325-98759", source: https://supertails.com/cdn/shop/t/462/assets/edd.js?v=132275846680143164671754397711 (5)
[8856:13700:1029/020055.707:INFO:CONSOLE:1] "success", source: https://supertails.com/web-pixels/strict/app/web-pixel-1280278766@58087b76a5b180e90b3be29eb9450ffa.js (1)
[8856:13700:1029/020055.716:INFO:CONSOLE:0] "Refused to frame 'https://shop.app/' because an ancestor violates the following Content Security Policy directive: "frame-ancestors 'none'".
", source:  (0)
[8856:13700:1029/020055.793:INFO:CONSOLE:35] "7f975a56c761db6506eca0b37ce6ec87", source: https://wd-ret.io/rtg/v1/js/segment/segment.js?brack=7f975a56c761db6506eca0b37ce6ec87 (35)
[8856:18080:1029/020057.210:ERROR:google_apis\gcm\engine\registration_request.cc:291] Registration response error message: DEPRECATED_ENDPOINT
[8856:13700:1029/020057.985:INFO:CONSOLE:1] "[SectionFocus] Section focus event handler registered", source: https://supertails.com/web-pixels/strict/app/web-pixel-1365180654@d1a7190d46d273194f6834a7392da19a.js (1)
[8856:13700:1029/020057.985:INFO:CONSOLE:1] "%c PageFly %c Customer Events Tracker %c Version 1.0.0 %c background:#4a4cf6;padding:2px 1px;border-radius:3px 0 0 3px;color:#FFFFFF background:#0094ff;padding:2px 1px;color:#000000 background:#FE2C55;padding:2px 1px;border-radius:0 3px 3px 0;color:#25F4EE background:transparent", source: https://supertails.com/web-pixels/strict/app/web-pixel-1365180654@d1a7190d46d273194f6834a7392da19a.js (1)
[8856:13700:1029/020058.080:INFO:CONSOLE:7] "In a sandboxed environment, addEventListener may not behave as expected.", source: https://supertails.com/web-pixels@b9edae67w24970098p66e94f8amf509c424/custom/web-pixel-106791150@24/sandbox/modern/products/royal-canin-maxi-puppy-dry-food (7)
[8856:13700:1029/020058.258:INFO:CONSOLE:7] "In a sandboxed environment, addEventListener may not behave as expected.", source: https://supertails.com/web-pixels@b9edae67w24970098p66e94f8amf509c424/custom/web-pixel-106463470@16/sandbox/modern/products/royal-canin-maxi-puppy-dry-food (7)
[8856:13700:1029/020058.429:INFO:CONSOLE:1] "Organization Schema injected successfully {"@context":"https://schema.org","@type":"Organization","name":"Supertails","url":"https://supertails.com/","logo":"https://supertails.com/logo.png","foundingDate":"2021","founders":[{"@type":"Person","name":"Varun Sadana"},{"@type":"Person","name":"Aman Tekriwal"},{"@type":"Person","name":"Vineet Khanna"}],"address":{"@type":"PostalAddress","addressLocality":"Bengaluru","addressRegion":"Karnataka","addressCountry":"India"},"contactPoint":{"@type":"ContactPoint","contactType":"Customer Service","email":"support@supertails.com","telephone":"+91-XXXXXXXXXX"},"sameAs":["https://www.linkedin.com/company/supertails","https://www.instagram.com/supertails.official","https://www.facebook.com/supertails.official"]}", source: https://supertails.com/cdn/shop/t/462/assets/theme.main.js?v=149373471587063618921760714209 (1)
[8856:13700:1029/020058.438:INFO:CONSOLE:1] "Run PageFly Theme Extension...", source: https://cdn.shopify.com/extensions/019a1f6a-7dea-7adc-a637-5229477c914e/pagefly-192/assets/pagefly-general-helper.js (1)
[8856:13700:1029/020058.454:INFO:CONSOLE:5] "productATCs ", source: https://cdn.shopify.com/extensions/019a1f6a-7dea-7adc-a637-5229477c914e/pagefly-192/assets/pagefly-product.js (5)
[8856:13700:1029/020058.479:INFO:CONSOLE:1] "WebPage Schema injected successfully [object Object]", source: https://supertails.com/cdn/shop/t/462/assets/product.main.js?v=65067973705013043621760712695 (1)
[8856:13700:1029/020058.537:INFO:CONSOLE:19046] "You navigate from the same website", source: https://supertails.com/products/royal-canin-maxi-puppy-dry-food (19046)
[8856:13700:1029/020058.545:INFO:CONSOLE:19046] "Generated OneLink parameters &af_js_web=true&af_ss_ver=2_9_2&pid=Website&c=homepage_download_banner&af_ss_ui=true", source: https://supertails.com/products/royal-canin-maxi-puppy-dry-food (19046)
[8856:13700:1029/020058.545:INFO:CONSOLE:19046] "Generated OneLink URL https://supertails-app.onelink.me/U54A?af_js_web=true&af_ss_ver=2_9_2&pid=Website&c=homepage_download_banner&af_ss_ui=true", source: https://supertails.com/products/royal-canin-maxi-puppy-dry-food (19046)
[8856:13700:1029/020058.545:INFO:CONSOLE:20710] "You navigate from the same website", source: https://supertails.com/products/royal-canin-maxi-puppy-dry-food (20710)
[8856:13700:1029/020058.545:INFO:CONSOLE:20710] "Generated OneLink parameters &af_js_web=true&af_ss_ver=2_9_2&pid=Website&c=homepage_download_banner&af_ss_ui=true", source: https://supertails.com/products/royal-canin-maxi-puppy-dry-food (20710)
[8856:13700:1029/020058.545:INFO:CONSOLE:20710] "Generated OneLink URL https://supertails-app.onelink.me/U54A?af_js_web=true&af_ss_ver=2_9_2&pid=Website&c=homepage_download_banner&af_ss_ui=true", source: https://supertails.com/products/royal-canin-maxi-puppy-dry-food (20710)
[8856:13700:1029/020058.561:INFO:CONSOLE:0] "[DOM] Found 2 elements with non-unique id #AddToCart-template--16703736905966__main: (More info: https://goo.gl/9p2vKq) %o %o", source: https://supertails.com/products/royal-canin-maxi-puppy-dry-food (0)
[8856:13700:1029/020058.561:INFO:CONSOLE:0] "[DOM] Found 2 elements with non-unique id #AddToCartForm-template--16703736905966__main: (More info: https://goo.gl/9p2vKq) %o %o", source: https://supertails.com/products/royal-canin-maxi-puppy-dry-food (0)
[8856:13700:1029/020058.561:INFO:CONSOLE:0] "[DOM] Found 2 elements with non-unique id #ProductSelect-template--16703736905966__main: (More info: https://goo.gl/9p2vKq) %o %o", source: https://supertails.com/products/royal-canin-maxi-puppy-dry-food (0)
[8856:13700:1029/020058.561:INFO:CONSOLE:0] "[DOM] Found 2 elements with non-unique id #VariantsJson-template--16703736905966__main: (More info: https://goo.gl/9p2vKq) %o %o", source: https://supertails.com/products/royal-canin-maxi-puppy-dry-food (0)
[8856:13700:1029/020058.561:INFO:CONSOLE:0] "[DOM] Input elements should have autocomplete attributes (suggested: "current-password"): (More info: https://goo.gl/9p2vKq) %o", source: https://supertails.com/products/royal-canin-maxi-puppy-dry-food (0)
[8856:13700:1029/020058.587:INFO:CONSOLE:1] "Fetched IP:  115.99.253.177", source: https://supertails.com/web-pixels/strict/app/web-pixel-1280278766@58087b76a5b180e90b3be29eb9450ffa.js (1)
[8856:13700:1029/020058.589:INFO:CONSOLE:172] "Script loaded and ready to execute", source: https://supertails.com/products/royal-canin-maxi-puppy-dry-food (172)
[8856:13700:1029/020058.595:INFO:CONSOLE:2] "jQuery.Deferred exception: json_product is not defined ReferenceError: json_product is not defined
    at bindRecsComponents (https://supertails.com/cdn/shop/t/462/assets/autosuggest.js?v=13452279982068182091719223921:40:19983)
    at checkAndInitiate (https://supertails.com/cdn/shop/t/462/assets/autosuggest.js?v=13452279982068182091719223921:40:21134)
    at HTMLDocument.<anonymous> (https://supertails.com/cdn/shop/t/462/assets/autosuggest.js?v=13452279982068182091719223921:40:21411)
    at e (https://code.jquery.com/jquery-3.6.0.min.js:2:30038)
    at t (https://code.jquery.com/jquery-3.6.0.min.js:2:30340) undefined", source: https://code.jquery.com/jquery-3.6.0.min.js (2)
[8856:13700:1029/020058.674:INFO:CONSOLE:2] "Uncaught ReferenceError: json_product is not defined", source: https://code.jquery.com/jquery-3.6.0.min.js (2)
[8856:13700:1029/020058.690:INFO:CONSOLE:1] "Error updating cart attributes: RestrictedUrlError: Requests are not allowed to the same origin: https://supertails.com/cart/update.js", source: https://supertails.com/web-pixels/strict/app/web-pixel-1280278766@58087b76a5b180e90b3be29eb9450ffa.js (1)
[8856:13700:1029/020059.069:INFO:CONSOLE:1] "success", source: https://supertails.com/web-pixels/strict/app/web-pixel-1280278766@58087b76a5b180e90b3be29eb9450ffa.js (1)
[8852:15272:1029/020059.125:INFO:third_party\webrtc\rtc_base\cpu_info.cc:75] Available number of cores: 8
[8856:13700:1029/020059.176:INFO:CONSOLE:1] "Script loaded successfully: https://cdn.shopify.com/extensions/019a1f6a-7dea-7adc-a637-5229477c914e/pagefly-192/assets/pagefly-htmlvideo2.js", source: https://cdn.shopify.com/extensions/019a1f6a-7dea-7adc-a637-5229477c914e/pagefly-192/assets/pagefly-general-helper.js (1)
[4904:11812:1029/020059.379:INFO:third_party\webrtc\rtc_base\cpu_info.cc:75] Available number of cores: 8
[8856:13700:1029/020059.404:INFO:CONSOLE:35] "7f975a56c761db6506eca0b37ce6ec87", source: https://wd-ret.io/rtg/v1/js/segment/segment.js?brack=7f975a56c761db6506eca0b37ce6ec87 (35)
[8856:13700:1029/020059.444:INFO:CONSOLE:0] "Refused to frame 'https://shop.app/' because an ancestor violates the following Content Security Policy directive: "frame-ancestors 'none'".
", source:  (0)
[8856:13700:1029/020059.643:INFO:CONSOLE:20710] "Generated OneLink parameters &af_js_web=true&af_ss_ver=2_9_2&pid=Website&c=homepage_download_banner&af_ss_ui=true", source: https://supertails.com/products/royal-canin-maxi-puppy-dry-food (20710)
[8856:13700:1029/020059.643:INFO:CONSOLE:20710] "Generated OneLink URL https://supertails-app.onelink.me/U54A?af_js_web=true&af_ss_ver=2_9_2&pid=Website&c=homepage_download_banner&af_ss_ui=true", source: https://supertails.com/products/royal-canin-maxi-puppy-dry-food (20710)
[8856:13700:1029/020119.479:INFO:CONSOLE:0] "Clear-Site-Data header on 'https://supertails.com/cart/add.js': Cleared data types: "prefetchCache", "prerenderCache".", source: https://supertails.com/products/royal-canin-maxi-puppy-dry-food (0)
[8856:13700:1029/020119.552:INFO:CONSOLE:1] "Error updating cart attributes: RestrictedUrlError: Requests are not allowed to the same origin: https://supertails.com/cart/update.js", source: https://supertails.com/web-pixels/strict/app/web-pixel-1280278766@58087b76a5b180e90b3be29eb9450ffa.js (1)
[3412:18976:1029/020119.578:INFO:third_party\webrtc\rtc_base\cpu_info.cc:75] Available number of cores: 8
[8856:13700:1029/020119.840:INFO:CONSOLE:1] "success", source: https://supertails.com/web-pixels/strict/app/web-pixel-1280278766@58087b76a5b180e90b3be29eb9450ffa.js (1)
[8856:18080:1029/020122.512:ERROR:google_apis\gcm\engine\registration_request.cc:291] Registration response error message: DEPRECATED_ENDPOINT
[8856:13700:1029/020124.953:INFO:CONSOLE:1] "[SectionFocus] Section focus event handler registered", source: https://supertails.com/web-pixels/strict/app/web-pixel-1365180654@d1a7190d46d273194f6834a7392da19a.js (1)
[8856:13700:1029/020124.953:INFO:CONSOLE:1] "%c PageFly %c Customer Events Tracker %c Version 1.0.0 %c background:#4a4cf6;padding:2px 1px;border-radius:3px 0 0 3px;color:#FFFFFF background:#0094ff;padding:2px 1px;color:#000000 background:#FE2C55;padding:2px 1px;border-radius:0 3px 3px 0;color:#25F4EE background:transparent", source: https://supertails.com/web-pixels/strict/app/web-pixel-1365180654@d1a7190d46d273194f6834a7392da19a.js (1)
[8856:13700:1029/020124.970:INFO:CONSOLE:7] "In a sandboxed environment, addEventListener may not behave as expected.", source: https://supertails.com/web-pixels@b9edae67w24970098p66e94f8amf509c424/custom/web-pixel-106791150@24/sandbox/modern/cart (7)
[8856:13700:1029/020125.132:INFO:CONSOLE:7] "In a sandboxed environment, addEventListener may not behave as expected.", source: https://supertails.com/web-pixels@b9edae67w24970098p66e94f8amf509c424/custom/web-pixel-106463470@16/sandbox/modern/cart (7)
[8856:13700:1029/020125.336:INFO:CONSOLE:1] "Organization Schema injected successfully {"@context":"https://schema.org","@type":"Organization","name":"Supertails","url":"https://supertails.com/","logo":"https://supertails.com/logo.png","foundingDate":"2021","founders":[{"@type":"Person","name":"Varun Sadana"},{"@type":"Person","name":"Aman Tekriwal"},{"@type":"Person","name":"Vineet Khanna"}],"address":{"@type":"PostalAddress","addressLocality":"Bengaluru","addressRegion":"Karnataka","addressCountry":"India"},"contactPoint":{"@type":"ContactPoint","contactType":"Customer Service","email":"support@supertails.com","telephone":"+91-XXXXXXXXXX"},"sameAs":["https://www.linkedin.com/company/supertails","https://www.instagram.com/supertails.official","https://www.facebook.com/supertails.official"]}", source: https://supertails.com/cdn/shop/t/462/assets/theme.main.js?v=149373471587063618921760714209 (1)
[8856:13700:1029/020125.340:INFO:CONSOLE:1] "Run PageFly Theme Extension...", source: https://cdn.shopify.com/extensions/019a1f6a-7dea-7adc-a637-5229477c914e/pagefly-192/assets/pagefly-general-helper.js (1)
[8856:13700:1029/020125.357:INFO:CONSOLE:5] "productATCs ", source: https://cdn.shopify.com/extensions/019a1f6a-7dea-7adc-a637-5229477c914e/pagefly-192/assets/pagefly-product.js (5)
[8856:13700:1029/020125.425:INFO:CONSOLE:0] "[DOM] Input elements should have autocomplete attributes (suggested: "current-password"): (More info: https://goo.gl/9p2vKq) %o", source: https://supertails.com/cart (0)
[8856:13700:1029/020125.441:INFO:CONSOLE:168] "Script loaded and ready to execute", source: https://supertails.com/cart (168)
[8856:13700:1029/020125.449:INFO:CONSOLE:1] "Retry recommendation function load0", source: https://supertails.com/cdn/shop/t/462/assets/recs_util.js?v=88176712007862772861715265433 (1)
[8856:13700:1029/020125.475:INFO:CONSOLE:1] "Fetched IP:  115.99.253.177", source: https://supertails.com/web-pixels/strict/app/web-pixel-1280278766@58087b76a5b180e90b3be29eb9450ffa.js (1)
[8856:13700:1029/020125.490:INFO:CONSOLE:1] "Error updating cart attributes: RestrictedUrlError: Requests are not allowed to the same origin: https://supertails.com/cart/update.js", source: https://supertails.com/web-pixels/strict/app/web-pixel-1280278766@58087b76a5b180e90b3be29eb9450ffa.js (1)
[12460:16304:1029/020125.891:INFO:third_party\webrtc\rtc_base\cpu_info.cc:75] Available number of cores: 8
[8856:13700:1029/020125.921:INFO:CONSOLE:1] "success", source: https://supertails.com/web-pixels/strict/app/web-pixel-1280278766@58087b76a5b180e90b3be29eb9450ffa.js (1)
[8856:13700:1029/020126.062:INFO:CONSOLE:1] "Script loaded successfully: https://cdn.shopify.com/extensions/019a1f6a-7dea-7adc-a637-5229477c914e/pagefly-192/assets/pagefly-htmlvideo2.js", source: https://cdn.shopify.com/extensions/019a1f6a-7dea-7adc-a637-5229477c914e/pagefly-192/assets/pagefly-general-helper.js (1)
[8856:13700:1029/020126.178:INFO:CONSOLE:0] "Refused to frame 'https://shop.app/' because an ancestor violates the following Content Security Policy directive: "frame-ancestors 'none'".
", source:  (0)
[8856:13700:1029/020126.241:INFO:CONSOLE:35] "7f975a56c761db6506eca0b37ce6ec87", source: https://wd-ret.io/rtg/v1/js/segment/segment.js?brack=7f975a56c761db6506eca0b37ce6ec87 (35)
[8856:13700:1029/020127.571:INFO:CONSOLE:24290] "result surprise gift::::: {"status":200,"msg":"Suprise Gift fetched successfully","supriseGifts":{"removeItemsFromCart":[],"addItemsToCart":[]}}", source: https://supertails.com/cart (24290)
[8856:13700:1029/020128.361:INFO:CONSOLE:0] "Clear-Site-Data header on 'https://supertails.com/cart/update.js': Cleared data types: "prefetchCache", "prerenderCache".", source: https://supertails.com/cart (0)
[8784:15980:1029/020128.699:WARNING:net\extras\sqlite\sqlite_persistent_store_backend_base.cc:176] Failed to post task from FlushAndNotifyInBackground@net\extras\sqlite\sqlite_persistent_store_backend_base.cc:226 to client_task_runner_.
[8784:15980:1029/020128.699:WARNING:net\extras\sqlite\sqlite_persistent_store_backend_base.cc:176] Failed to post task from FlushAndNotifyInBackground@net\extras\sqlite\sqlite_persistent_store_backend_base.cc:226 to client_task_runner_.
