2025-06-21 11:18:54,458 - conftest.py:[52] - [INFO] - --- Test run started. Logging to F:\TY_New\PythonRMG\HarshaFW_Python\logs\logs_21_06_2025_11_18_54\log_21_06_2025_11_18_54.log ---
2025-06-21 11:18:54,458 - base_test.py:[33] - [INFO] - --- Starting test: test_select_date_with_arrows ---
2025-06-21 11:18:54,460 - base_test.py:[69] - [INFO] - Setting up 'chrome' browser (Headless: False)
2025-06-21 11:18:54,461 - base_test.py:[85] - [INFO] - Using dedicated Chrome profile: F:\TY_New\PythonRMG\HarshaFW_Python\automation_chrome_profile
2025-06-21 11:18:55,851 - base_test.py:[107] - [INFO] - Chrome WebDriver initialized with dedicated profile and popup suppression.
2025-06-21 11:18:58,807 - base_page.py:[99] - [INFO] - Successfully navigated to: https://testautomationpractice.blogspot.com/
2025-06-21 11:18:58,809 - date_picker_page.py:[36] - [INFO] - Attempting to select date using arrows: 15-August-2025
2025-06-21 11:18:58,826 - base_page.py:[127] - [INFO] - Scrolled to element: ('id', 'datepicker')
2025-06-21 11:18:58,894 - base_page.py:[36] - [INFO] - Successfully clicked element: ('id', 'datepicker')
2025-06-21 11:18:58,905 - base_page.py:[113] - [INFO] - Element found: ('id', 'ui-datepicker-div')
2025-06-21 11:18:58,926 - base_page.py:[81] - [INFO] - Retrieved text 'June' from element: ('class name', 'ui-datepicker-month')
2025-06-21 11:18:58,942 - base_page.py:[81] - [INFO] - Retrieved text '2025' from element: ('class name', 'ui-datepicker-year')
2025-06-21 11:18:58,991 - base_page.py:[36] - [INFO] - Successfully clicked element: ('xpath', "//a[@data-handler='next']")
2025-06-21 11:18:59,214 - base_page.py:[81] - [INFO] - Retrieved text 'July' from element: ('class name', 'ui-datepicker-month')
2025-06-21 11:18:59,227 - base_page.py:[81] - [INFO] - Retrieved text '2025' from element: ('class name', 'ui-datepicker-year')
2025-06-21 11:18:59,267 - base_page.py:[36] - [INFO] - Successfully clicked element: ('xpath', "//a[@data-handler='next']")
2025-06-21 11:18:59,508 - base_page.py:[81] - [INFO] - Retrieved text 'August' from element: ('class name', 'ui-datepicker-month')
2025-06-21 11:18:59,520 - base_page.py:[81] - [INFO] - Retrieved text '2025' from element: ('class name', 'ui-datepicker-year')
2025-06-21 11:18:59,565 - base_page.py:[36] - [INFO] - Successfully clicked element: ('xpath', "//td[@data-handler='selectDay']/a[text()='15']")
2025-06-21 11:18:59,565 - date_picker_page.py:[58] - [INFO] - Successfully selected date: 15-August-2025
2025-06-21 11:18:59,570 - base_page.py:[113] - [INFO] - Element found: ('id', 'datepicker')
2025-06-21 11:18:59,580 - base_test.py:[61] - [INFO] - --- Finished test: test_select_date_with_arrows ---
2025-06-21 11:19:01,913 - conftest.py:[54] - [INFO] - --- Test run finished. ---
