2025-10-28 16:04:17,750 - conftest.py:[73] - [INFO] - --- Test run started. Logging to D:\supertails_automation\logs\logs_28_10_2025_16_04_17\log_28_10_2025_16_04_17.log ---
2025-10-28 16:04:17,750 - base_test.py:[35] - [INFO] - --- Starting test: test_add_product_to_cart_from_catalog[chrome] on CHROME ---
2025-10-28 16:04:17,754 - base_test.py:[47] - [INFO] - Running test on browser: CHROME
2025-10-28 16:04:17,755 - base_test.py:[82] - [INFO] - Setting up 'chrome' browser (Headless: False)
2025-10-28 16:04:17,755 - base_test.py:[100] - [INFO] - Using dedicated Chrome profile: D:\supertails_automation\automation_chrome_profile
2025-10-28 16:04:20,043 - base_test.py:[128] - [INFO] - Chrome WebDriver initialized with dedicated profile and popup suppression.
2025-10-28 16:04:20,206 - test_integration_cart_catalog.py:[27] - [INFO] - Navigating to URL: https://supertails.com/
2025-10-28 16:04:22,211 - product_catalog.py:[17] - [INFO] - searching for product fdog food
2025-10-28 16:04:23,826 - base_page.py:[52] - [INFO] - Successfully entered text into element: ('css selector', 'input#mainfrm')
2025-10-28 16:04:24,948 - product_catalog.py:[22] - [WARNING] - Search button click intercepted, retrying with JS click
2025-10-28 16:04:26,156 - product_catalog.py:[27] - [INFO] - getting for products
2025-10-28 16:04:28,082 - product_catalog.py:[33] - [INFO] - clicking the product
2025-10-28 16:04:29,662 - test_integration_cart_catalog.py:[39] - [INFO] - Opened 3rd product from search results successfully.
2025-10-28 16:04:29,662 - product_catalog.py:[42] - [INFO] - Clicking Add to Cart button on product detail page
2025-10-28 16:04:49,766 - base_page.py:[38] - [ERROR] - Timeout: Element not clickable: ('xpath', '//span[contains(text(),"Add to Cart")]/..')
2025-10-28 16:04:49,768 - product_catalog.py:[47] - [WARNING] - Normal click failed, retrying with JS click
2025-10-28 16:04:49,785 - base_page.py:[113] - [INFO] - Element found: ('xpath', '//span[contains(text(),"Add to Cart")]/..')
2025-10-28 16:04:49,842 - test_integration_cart_catalog.py:[41] - [INFO] - Product added to cart successfully.
2025-10-28 16:04:54,843 - cart.py:[15] - [INFO] - opening cart
2025-10-28 16:04:56,435 - base_page.py:[36] - [INFO] - Successfully clicked element: ('xpath', '(//a[@id="HeaderCartTrigger"])[2]')
2025-10-28 16:04:59,437 - cart.py:[19] - [INFO] - getting items in cart
2025-10-28 16:04:59,500 - base_test.py:[73] - [INFO] - --- Finished test: test_add_product_to_cart_from_catalog[chrome] on CHROME ---
2025-10-28 16:05:01,927 - conftest.py:[75] - [INFO] - --- Test run finished. ---
