2025-10-28 17:10:06,190 - conftest.py:[73] - [INFO] - --- Test run started. Logging to D:\supertails_automation\logs\logs_28_10_2025_17_10_06\log_28_10_2025_17_10_06.log ---
2025-10-28 17:10:06,190 - base_test.py:[35] - [INFO] - --- Starting test: test_add_product_to_cart_from_catalog[edge] on EDGE ---
2025-10-28 17:10:06,194 - base_test.py:[47] - [INFO] - Running test on browser: EDGE
2025-10-28 17:10:06,194 - base_test.py:[82] - [INFO] - Setting up 'edge' browser (Headless: False)
2025-10-28 17:10:08,893 - base_test.py:[145] - [INFO] - Edge WebDriver initialized successfully.
2025-10-28 17:10:08,989 - test_integration_cart_catalog.py:[27] - [INFO] - Navigating to URL: https://supertails.com/
2025-10-28 17:10:12,341 - product_catalog.py:[17] - [INFO] - searching for product fdog food
2025-10-28 17:10:12,690 - base_page.py:[52] - [INFO] - Successfully entered text into element: ('css selector', 'input#mainfrm')
2025-10-28 17:10:13,846 - product_catalog.py:[22] - [WARNING] - Search button click intercepted, retrying with JS click
2025-10-28 17:10:15,038 - product_catalog.py:[27] - [INFO] - getting for products
2025-10-28 17:10:17,503 - product_catalog.py:[33] - [INFO] - clicking the product
2025-10-28 17:10:18,738 - test_integration_cart_catalog.py:[39] - [INFO] - Opened 3rd product from search results successfully.
2025-10-28 17:10:18,738 - product_catalog.py:[42] - [INFO] - Clicking Add to Cart button on product detail page
2025-10-28 17:10:19,875 - base_page.py:[36] - [INFO] - Successfully clicked element: ('xpath', '//span[contains(text(),"Add to Cart")]/..')
2025-10-28 17:10:19,876 - product_catalog.py:[45] - [INFO] - Add to Cart button clicked successfully
2025-10-28 17:10:19,876 - test_integration_cart_catalog.py:[41] - [INFO] - Product added to cart successfully.
2025-10-28 17:10:24,877 - cart.py:[15] - [INFO] - opening cart
2025-10-28 17:10:26,411 - base_page.py:[36] - [INFO] - Successfully clicked element: ('xpath', '(//a[@id="HeaderCartTrigger"])[2]')
2025-10-28 17:10:29,412 - cart.py:[19] - [INFO] - getting items in cart
2025-10-28 17:10:29,474 - base_test.py:[73] - [INFO] - --- Finished test: test_add_product_to_cart_from_catalog[edge] on EDGE ---
2025-10-28 17:10:32,368 - conftest.py:[75] - [INFO] - --- Test run finished. ---
