2025-10-28 15:59:24,352 - conftest.py:[73] - [INFO] - --- Test run started. Logging to D:\supertails_automation\logs\logs_28_10_2025_15_59_24\log_28_10_2025_15_59_24.log ---
2025-10-28 15:59:24,352 - base_test.py:[35] - [INFO] - --- Starting test: test_add_product_to_cart_from_catalog[chrome] on CHROME ---
2025-10-28 15:59:24,357 - base_test.py:[47] - [INFO] - Running test on browser: CHROME
2025-10-28 15:59:24,358 - base_test.py:[82] - [INFO] - Setting up 'chrome' browser (Headless: False)
2025-10-28 15:59:24,358 - base_test.py:[100] - [INFO] - Using dedicated Chrome profile: D:\supertails_automation\automation_chrome_profile
2025-10-28 15:59:25,895 - base_test.py:[128] - [INFO] - Chrome WebDriver initialized with dedicated profile and popup suppression.
2025-10-28 15:59:26,013 - test_integration_cart_catalog.py:[27] - [INFO] - Navigating to URL: https://supertails.com/
2025-10-28 15:59:27,845 - product_catalog.py:[17] - [INFO] - searching for product fdog food
2025-10-28 15:59:28,947 - base_page.py:[52] - [INFO] - Successfully entered text into element: ('css selector', 'input#mainfrm')
2025-10-28 15:59:30,090 - product_catalog.py:[22] - [WARNING] - Search button click intercepted, retrying with JS click
2025-10-28 15:59:31,487 - product_catalog.py:[27] - [INFO] - getting for products
2025-10-28 15:59:33,471 - product_catalog.py:[33] - [INFO] - clicking the product
2025-10-28 15:59:36,218 - test_integration_cart_catalog.py:[39] - [INFO] - Opened 3rd product from search results successfully.
2025-10-28 15:59:36,218 - product_catalog.py:[42] - [INFO] - Clicking Add to Cart button on product detail page
2025-10-28 15:59:56,616 - base_page.py:[38] - [ERROR] - Timeout: Element not clickable: ('xpath', '//span[contains(text(),"Add to Cart")]/..')
2025-10-28 15:59:56,621 - product_catalog.py:[47] - [WARNING] - Normal click failed, retrying with JS click
2025-10-28 15:59:56,640 - base_page.py:[113] - [INFO] - Element found: ('xpath', '//span[contains(text(),"Add to Cart")]/..')
2025-10-28 15:59:56,678 - test_integration_cart_catalog.py:[41] - [INFO] - Product added to cart successfully.
2025-10-28 16:00:01,679 - cart.py:[15] - [INFO] - opening cart
2025-10-28 16:00:03,261 - base_page.py:[36] - [INFO] - Successfully clicked element: ('xpath', '(//a[@id="HeaderCartTrigger"])[2]')
2025-10-28 16:00:06,262 - cart.py:[19] - [INFO] - getting items in cart
2025-10-28 16:00:06,332 - base_test.py:[73] - [INFO] - --- Finished test: test_add_product_to_cart_from_catalog[chrome] on CHROME ---
2025-10-28 16:00:08,792 - conftest.py:[75] - [INFO] - --- Test run finished. ---
