2025-10-28 14:45:03,751 - conftest.py:[73] - [INFO] - --- Test run started. Logging to D:\supertails_automation\logs\logs_28_10_2025_14_45_03\log_28_10_2025_14_45_03.log ---
2025-10-28 14:45:03,752 - base_test.py:[35] - [INFO] - --- Starting test: test_add_product_to_cart_from_catalog[chrome] on CHROME ---
2025-10-28 14:45:03,758 - base_test.py:[47] - [INFO] - Running test on browser: CHROME
2025-10-28 14:45:03,758 - base_test.py:[82] - [INFO] - Setting up 'chrome' browser (Headless: False)
2025-10-28 14:45:03,758 - base_test.py:[100] - [INFO] - Using dedicated Chrome profile: D:\supertails_automation\automation_chrome_profile
2025-10-28 14:45:16,810 - base_test.py:[128] - [INFO] - Chrome WebDriver initialized with dedicated profile and popup suppression.
2025-10-28 14:45:16,925 - test_integration_cart_catalog.py:[27] - [INFO] - Navigating to URL: https://supertails.com/
2025-10-28 14:45:18,995 - product_catalog.py:[17] - [INFO] - searching for product fdog food
2025-10-28 14:45:20,442 - base_page.py:[52] - [INFO] - Successfully entered text into element: ('css selector', 'input#mainfrm')
2025-10-28 14:45:21,562 - product_catalog.py:[22] - [WARNING] - Search button click intercepted, retrying with JS click
2025-10-28 14:45:22,781 - product_catalog.py:[27] - [INFO] - getting for products
2025-10-28 14:45:24,779 - product_catalog.py:[33] - [INFO] - clicking the product
2025-10-28 14:45:26,296 - test_integration_cart_catalog.py:[39] - [INFO] - Opened 3rd product from search results successfully.
2025-10-28 14:45:26,296 - product_catalog.py:[42] - [INFO] - Clicking Add to Cart button on product detail page
2025-10-28 14:45:46,762 - base_page.py:[38] - [ERROR] - Timeout: Element not clickable: ('xpath', '//span[contains(text(),"Add to Cart")]/..')
2025-10-28 14:45:46,764 - product_catalog.py:[47] - [WARNING] - Normal click failed, retrying with JS click
2025-10-28 14:45:46,777 - base_page.py:[113] - [INFO] - Element found: ('xpath', '//span[contains(text(),"Add to Cart")]/..')
2025-10-28 14:45:46,844 - test_integration_cart_catalog.py:[41] - [INFO] - Product added to cart successfully.
2025-10-28 14:45:51,846 - cart.py:[15] - [INFO] - opening cart
2025-10-28 14:45:53,309 - base_page.py:[36] - [INFO] - Successfully clicked element: ('xpath', '(//a[@id="HeaderCartTrigger"])[2]')
2025-10-28 14:45:56,310 - cart.py:[19] - [INFO] - getting items in cart
2025-10-28 14:45:56,380 - base_test.py:[73] - [INFO] - --- Finished test: test_add_product_to_cart_from_catalog[chrome] on CHROME ---
2025-10-28 14:45:58,828 - base_test.py:[35] - [INFO] - --- Starting test: test_add_product_to_cart_from_catalog[edge] on EDGE ---
2025-10-28 14:45:58,832 - base_test.py:[47] - [INFO] - Running test on browser: EDGE
2025-10-28 14:45:58,832 - base_test.py:[82] - [INFO] - Setting up 'edge' browser (Headless: False)
2025-10-28 14:46:01,275 - base_test.py:[145] - [INFO] - Edge WebDriver initialized successfully.
2025-10-28 14:46:01,367 - test_integration_cart_catalog.py:[27] - [INFO] - Navigating to URL: https://supertails.com/
2025-10-28 14:46:03,364 - product_catalog.py:[17] - [INFO] - searching for product fdog food
2025-10-28 14:46:04,730 - base_page.py:[52] - [INFO] - Successfully entered text into element: ('css selector', 'input#mainfrm')
2025-10-28 14:46:05,866 - product_catalog.py:[22] - [WARNING] - Search button click intercepted, retrying with JS click
2025-10-28 14:46:07,229 - product_catalog.py:[27] - [INFO] - getting for products
2025-10-28 14:46:09,290 - product_catalog.py:[33] - [INFO] - clicking the product
2025-10-28 14:46:10,728 - test_integration_cart_catalog.py:[39] - [INFO] - Opened 3rd product from search results successfully.
2025-10-28 14:46:10,728 - product_catalog.py:[42] - [INFO] - Clicking Add to Cart button on product detail page
2025-10-28 14:46:12,009 - base_page.py:[36] - [INFO] - Successfully clicked element: ('xpath', '//span[contains(text(),"Add to Cart")]/..')
2025-10-28 14:46:12,010 - product_catalog.py:[45] - [INFO] - Add to Cart button clicked successfully
2025-10-28 14:46:12,010 - test_integration_cart_catalog.py:[41] - [INFO] - Product added to cart successfully.
2025-10-28 14:46:17,011 - cart.py:[15] - [INFO] - opening cart
2025-10-28 14:46:18,965 - base_page.py:[36] - [INFO] - Successfully clicked element: ('xpath', '(//a[@id="HeaderCartTrigger"])[2]')
2025-10-28 14:46:21,966 - cart.py:[19] - [INFO] - getting items in cart
2025-10-28 14:46:22,042 - base_test.py:[73] - [INFO] - --- Finished test: test_add_product_to_cart_from_catalog[edge] on EDGE ---
2025-10-28 14:46:25,229 - conftest.py:[75] - [INFO] - --- Test run finished. ---
