2025-06-21 10:59:43,394 - conftest.py:[52] - [INFO] - --- Test run started. Logging to F:\TY_New\PythonRMG\HarshaFW_Python\logs\logs_21_06_2025_10_59_43\log_21_06_2025_10_59_43.log ---
2025-06-21 10:59:43,395 - base_test.py:[33] - [INFO] - --- Starting test: test_select_specific_date ---
2025-06-21 10:59:43,397 - base_test.py:[69] - [INFO] - Setting up 'chrome' browser (Headless: False)
2025-06-21 10:59:43,398 - base_test.py:[85] - [INFO] - Using dedicated Chrome profile: F:\TY_New\PythonRMG\HarshaFW_Python\automation_chrome_profile
2025-06-21 10:59:44,801 - base_test.py:[107] - [INFO] - Chrome WebDriver initialized with dedicated profile and popup suppression.
2025-06-21 10:59:47,427 - base_page.py:[99] - [INFO] - Successfully navigated to: https://testautomationpractice.blogspot.com/
2025-06-21 10:59:47,428 - date_picker_page.py:[38] - [INFO] - Attempting to select date: 15-August-2026
2025-06-21 10:59:47,445 - base_page.py:[127] - [INFO] - Scrolled to element: ('id', 'datepicker')
2025-06-21 10:59:47,516 - base_page.py:[36] - [INFO] - Successfully clicked element: ('id', 'datepicker')
2025-06-21 10:59:47,527 - base_page.py:[113] - [INFO] - Element found: ('id', 'ui-datepicker-div')
2025-06-21 10:59:47,548 - base_page.py:[81] - [INFO] - Retrieved text 'June' from element: ('class name', 'ui-datepicker-month')
2025-06-21 10:59:47,564 - base_page.py:[81] - [INFO] - Retrieved text '2025' from element: ('class name', 'ui-datepicker-year')
2025-06-21 10:59:47,565 - date_picker_page.py:[60] - [INFO] - Currently viewing: June 2025
2025-06-21 10:59:47,615 - base_page.py:[36] - [INFO] - Successfully clicked element: ('xpath', "//a[@data-handler='next']")
2025-06-21 10:59:47,832 - base_page.py:[81] - [INFO] - Retrieved text 'July' from element: ('class name', 'ui-datepicker-month')
2025-06-21 10:59:47,847 - base_page.py:[81] - [INFO] - Retrieved text '2025' from element: ('class name', 'ui-datepicker-year')
2025-06-21 10:59:47,847 - date_picker_page.py:[60] - [INFO] - Currently viewing: July 2025
2025-06-21 10:59:47,889 - base_page.py:[36] - [INFO] - Successfully clicked element: ('xpath', "//a[@data-handler='next']")
2025-06-21 10:59:48,118 - base_page.py:[81] - [INFO] - Retrieved text 'August' from element: ('class name', 'ui-datepicker-month')
2025-06-21 10:59:48,129 - base_page.py:[81] - [INFO] - Retrieved text '2025' from element: ('class name', 'ui-datepicker-year')
2025-06-21 10:59:48,129 - date_picker_page.py:[60] - [INFO] - Currently viewing: August 2025
2025-06-21 10:59:48,168 - base_page.py:[36] - [INFO] - Successfully clicked element: ('xpath', "//a[@data-handler='next']")
2025-06-21 10:59:48,395 - base_page.py:[81] - [INFO] - Retrieved text 'September' from element: ('class name', 'ui-datepicker-month')
2025-06-21 10:59:48,409 - base_page.py:[81] - [INFO] - Retrieved text '2025' from element: ('class name', 'ui-datepicker-year')
2025-06-21 10:59:48,409 - date_picker_page.py:[60] - [INFO] - Currently viewing: September 2025
2025-06-21 10:59:48,447 - base_page.py:[36] - [INFO] - Successfully clicked element: ('xpath', "//a[@data-handler='next']")
2025-06-21 10:59:48,681 - base_page.py:[81] - [INFO] - Retrieved text 'October' from element: ('class name', 'ui-datepicker-month')
2025-06-21 10:59:48,694 - base_page.py:[81] - [INFO] - Retrieved text '2025' from element: ('class name', 'ui-datepicker-year')
2025-06-21 10:59:48,694 - date_picker_page.py:[60] - [INFO] - Currently viewing: October 2025
2025-06-21 10:59:48,732 - base_page.py:[36] - [INFO] - Successfully clicked element: ('xpath', "//a[@data-handler='next']")
2025-06-21 10:59:48,958 - base_page.py:[81] - [INFO] - Retrieved text 'November' from element: ('class name', 'ui-datepicker-month')
2025-06-21 10:59:48,970 - base_page.py:[81] - [INFO] - Retrieved text '2025' from element: ('class name', 'ui-datepicker-year')
2025-06-21 10:59:48,970 - date_picker_page.py:[60] - [INFO] - Currently viewing: November 2025
2025-06-21 10:59:49,008 - base_page.py:[36] - [INFO] - Successfully clicked element: ('xpath', "//a[@data-handler='next']")
2025-06-21 10:59:49,244 - base_page.py:[81] - [INFO] - Retrieved text 'December' from element: ('class name', 'ui-datepicker-month')
2025-06-21 10:59:49,257 - base_page.py:[81] - [INFO] - Retrieved text '2025' from element: ('class name', 'ui-datepicker-year')
2025-06-21 10:59:49,257 - date_picker_page.py:[60] - [INFO] - Currently viewing: December 2025
2025-06-21 10:59:49,294 - base_page.py:[36] - [INFO] - Successfully clicked element: ('xpath', "//a[@data-handler='next']")
2025-06-21 10:59:49,511 - base_page.py:[81] - [INFO] - Retrieved text 'January' from element: ('class name', 'ui-datepicker-month')
2025-06-21 10:59:49,524 - base_page.py:[81] - [INFO] - Retrieved text '2026' from element: ('class name', 'ui-datepicker-year')
2025-06-21 10:59:49,524 - date_picker_page.py:[60] - [INFO] - Currently viewing: January 2026
2025-06-21 10:59:49,567 - base_page.py:[36] - [INFO] - Successfully clicked element: ('xpath', "//a[@data-handler='next']")
2025-06-21 10:59:49,810 - base_page.py:[81] - [INFO] - Retrieved text 'February' from element: ('class name', 'ui-datepicker-month')
2025-06-21 10:59:49,823 - base_page.py:[81] - [INFO] - Retrieved text '2026' from element: ('class name', 'ui-datepicker-year')
2025-06-21 10:59:49,823 - date_picker_page.py:[60] - [INFO] - Currently viewing: February 2026
2025-06-21 10:59:49,862 - base_page.py:[36] - [INFO] - Successfully clicked element: ('xpath', "//a[@data-handler='next']")
2025-06-21 10:59:50,083 - base_page.py:[81] - [INFO] - Retrieved text 'March' from element: ('class name', 'ui-datepicker-month')
2025-06-21 10:59:50,095 - base_page.py:[81] - [INFO] - Retrieved text '2026' from element: ('class name', 'ui-datepicker-year')
2025-06-21 10:59:50,096 - date_picker_page.py:[60] - [INFO] - Currently viewing: March 2026
2025-06-21 10:59:50,137 - base_page.py:[36] - [INFO] - Successfully clicked element: ('xpath', "//a[@data-handler='next']")
2025-06-21 10:59:50,372 - base_page.py:[81] - [INFO] - Retrieved text 'April' from element: ('class name', 'ui-datepicker-month')
2025-06-21 10:59:50,384 - base_page.py:[81] - [INFO] - Retrieved text '2026' from element: ('class name', 'ui-datepicker-year')
2025-06-21 10:59:50,384 - date_picker_page.py:[60] - [INFO] - Currently viewing: April 2026
2025-06-21 10:59:50,424 - base_page.py:[36] - [INFO] - Successfully clicked element: ('xpath', "//a[@data-handler='next']")
2025-06-21 10:59:50,665 - base_page.py:[81] - [INFO] - Retrieved text 'May' from element: ('class name', 'ui-datepicker-month')
2025-06-21 10:59:50,677 - base_page.py:[81] - [INFO] - Retrieved text '2026' from element: ('class name', 'ui-datepicker-year')
2025-06-21 10:59:50,678 - date_picker_page.py:[60] - [INFO] - Currently viewing: May 2026
2025-06-21 10:59:50,715 - base_page.py:[36] - [INFO] - Successfully clicked element: ('xpath', "//a[@data-handler='next']")
2025-06-21 10:59:50,945 - base_page.py:[81] - [INFO] - Retrieved text 'June' from element: ('class name', 'ui-datepicker-month')
2025-06-21 10:59:50,957 - base_page.py:[81] - [INFO] - Retrieved text '2026' from element: ('class name', 'ui-datepicker-year')
2025-06-21 10:59:50,957 - date_picker_page.py:[60] - [INFO] - Currently viewing: June 2026
2025-06-21 10:59:50,997 - base_page.py:[36] - [INFO] - Successfully clicked element: ('xpath', "//a[@data-handler='next']")
2025-06-21 10:59:51,241 - base_page.py:[81] - [INFO] - Retrieved text 'July' from element: ('class name', 'ui-datepicker-month')
2025-06-21 10:59:51,254 - base_page.py:[81] - [INFO] - Retrieved text '2026' from element: ('class name', 'ui-datepicker-year')
2025-06-21 10:59:51,254 - date_picker_page.py:[60] - [INFO] - Currently viewing: July 2026
2025-06-21 10:59:51,292 - base_page.py:[36] - [INFO] - Successfully clicked element: ('xpath', "//a[@data-handler='next']")
2025-06-21 10:59:51,516 - base_page.py:[81] - [INFO] - Retrieved text 'August' from element: ('class name', 'ui-datepicker-month')
2025-06-21 10:59:51,528 - base_page.py:[81] - [INFO] - Retrieved text '2026' from element: ('class name', 'ui-datepicker-year')
2025-06-21 10:59:51,528 - date_picker_page.py:[60] - [INFO] - Currently viewing: August 2026
2025-06-21 10:59:51,528 - date_picker_page.py:[64] - [INFO] - Correct month and year found.
2025-06-21 10:59:51,574 - base_page.py:[36] - [INFO] - Successfully clicked element: ('xpath', "//td[@data-handler='selectDay']/a[text()='15']")
2025-06-21 10:59:51,575 - date_picker_page.py:[79] - [INFO] - Successfully selected date: 15-August-2026
2025-06-21 10:59:51,580 - base_page.py:[113] - [INFO] - Element found: ('id', 'datepicker')
2025-06-21 10:59:51,588 - test_date_picker.py:[43] - [INFO] - Date was selected and verified successfully.
2025-06-21 10:59:51,592 - base_test.py:[61] - [INFO] - --- Finished test: test_select_specific_date ---
2025-06-21 10:59:53,936 - conftest.py:[54] - [INFO] - --- Test run finished. ---
