2025-06-21 11:23:11,900 - conftest.py:[52] - [INFO] - --- Test run started. Logging to F:\TY_New\PythonRMG\HarshaFW_Python\logs\logs_21_06_2025_11_23_11\log_21_06_2025_11_23_11.log ---
2025-06-21 11:23:11,900 - base_test.py:[33] - [INFO] - --- Starting test: test_select_date_with_dropdowns ---
2025-06-21 11:23:11,902 - base_test.py:[69] - [INFO] - Setting up 'chrome' browser (Headless: False)
2025-06-21 11:23:11,903 - base_test.py:[85] - [INFO] - Using dedicated Chrome profile: F:\TY_New\PythonRMG\HarshaFW_Python\automation_chrome_profile
2025-06-21 11:23:13,273 - base_test.py:[107] - [INFO] - Chrome WebDriver initialized with dedicated profile and popup suppression.
2025-06-21 11:23:16,153 - base_page.py:[99] - [INFO] - Successfully navigated to: https://testautomationpractice.blogspot.com/
2025-06-21 11:23:16,154 - date_picker_page.py:[62] - [INFO] - Attempting to select date using dropdowns: 25-December-2026
2025-06-21 11:23:16,172 - base_page.py:[127] - [INFO] - Scrolled to element: ('id', 'txtDate')
2025-06-21 11:23:16,241 - base_page.py:[36] - [INFO] - Successfully clicked element: ('id', 'txtDate')
2025-06-21 11:23:16,251 - base_page.py:[113] - [INFO] - Element found: ('id', 'ui-datepicker-div')
2025-06-21 11:23:16,260 - base_page.py:[113] - [INFO] - Element found: ('css selector', 'select.ui-datepicker-year')
2025-06-21 11:23:16,309 - base_page.py:[113] - [INFO] - Element found: ('css selector', 'select.ui-datepicker-month')
2025-06-21 11:23:16,341 - date_picker_page.py:[75] - [INFO] - Selected month: Dec
2025-06-21 11:23:16,392 - base_page.py:[36] - [INFO] - Successfully clicked element: ('xpath', "//td[@data-handler='selectDay']/a[text()='25']")
2025-06-21 11:23:16,392 - date_picker_page.py:[79] - [INFO] - Successfully selected date: 25-December-2026
2025-06-21 11:23:16,398 - base_page.py:[113] - [INFO] - Element found: ('id', 'txtDate')
2025-06-21 11:23:16,474 - base_test.py:[113] - [ERROR] - Test 'test_select_date_with_dropdowns' failed. Capturing Allure screenshot.
2025-06-21 11:23:17,590 - base_test.py:[126] - [INFO] - Screenshot for Allure saved to: F:\TY_New\PythonRMG\HarshaFW_Python\reports\screenshots\failed_test_select_date_with_dropdowns_20250621_112316.png
2025-06-21 11:23:17,590 - base_test.py:[61] - [INFO] - --- Finished test: test_select_date_with_dropdowns ---
2025-06-21 11:23:19,898 - conftest.py:[54] - [INFO] - --- Test run finished. ---
