2025-10-28 21:32:02,882 - conftest.py:[73] - [INFO] - --- Test run started. Logging to D:\supertails_automation\logs\logs_28_10_2025_21_32_02\log_28_10_2025_21_32_02.log ---
2025-10-28 21:32:02,883 - base_test.py:[35] - [INFO] - --- Starting test: test_add_product_to_cart_from_catalog[chrome] on CHROME ---
2025-10-28 21:32:02,888 - base_test.py:[47] - [INFO] - Running test on browser: CHROME
2025-10-28 21:32:02,888 - base_test.py:[82] - [INFO] - Setting up 'chrome' browser (Headless: False)
2025-10-28 21:32:02,888 - base_test.py:[100] - [INFO] - Using dedicated Chrome profile: D:\supertails_automation\automation_chrome_profile
2025-10-28 21:32:04,596 - base_test.py:[128] - [INFO] - Chrome WebDriver initialized with dedicated profile and popup suppression.
2025-10-28 21:32:04,712 - test_integration_cart_catalog.py:[27] - [INFO] - Navigating to URL: https://supertails.com/
2025-10-28 21:32:06,679 - product_catalog.py:[17] - [INFO] - searching for product fdog food
2025-10-28 21:32:08,452 - base_page.py:[52] - [INFO] - Successfully entered text into element: ('css selector', 'input#mainfrm')
2025-10-28 21:32:09,609 - product_catalog.py:[22] - [WARNING] - Search button click intercepted, retrying with JS click
2025-10-28 21:32:10,973 - product_catalog.py:[27] - [INFO] - getting for products
2025-10-28 21:32:13,109 - product_catalog.py:[33] - [INFO] - clicking the product
2025-10-28 21:32:14,650 - test_integration_cart_catalog.py:[39] - [INFO] - Opened 3rd product from search results successfully.
2025-10-28 21:32:14,651 - product_catalog.py:[42] - [INFO] - Clicking Add to Cart button on product detail page
2025-10-28 21:32:34,827 - base_page.py:[38] - [ERROR] - Timeout: Element not clickable: ('xpath', '//span[contains(text(),"Add to Cart")]/..')
2025-10-28 21:32:34,832 - product_catalog.py:[47] - [WARNING] - Normal click failed, retrying with JS click
2025-10-28 21:32:34,842 - base_page.py:[113] - [INFO] - Element found: ('xpath', '//span[contains(text(),"Add to Cart")]/..')
2025-10-28 21:32:34,875 - test_integration_cart_catalog.py:[41] - [INFO] - Product added to cart successfully.
2025-10-28 21:32:39,875 - cart.py:[15] - [INFO] - opening cart
2025-10-28 21:32:41,046 - base_page.py:[36] - [INFO] - Successfully clicked element: ('xpath', '(//a[@id="HeaderCartTrigger"])[2]')
2025-10-28 21:32:44,046 - cart.py:[19] - [INFO] - getting items in cart
2025-10-28 21:32:44,090 - base_test.py:[73] - [INFO] - --- Finished test: test_add_product_to_cart_from_catalog[chrome] on CHROME ---
2025-10-28 21:32:46,529 - conftest.py:[75] - [INFO] - --- Test run finished. ---
