2025-06-19 22:36:50,136 - conftest.py:[52] - [INFO] - --- Test run started. Logging to F:\TY_New\PythonRMG\HarshaFW_Python\logs\logs_19_06_2025_22_36_50\log_19_06_2025_22_36_50.log ---
2025-06-19 22:36:50,136 - base_test.py:[33] - [INFO] - --- Starting test: test_end_to_end_purchase_happy_path ---
2025-06-19 22:36:50,139 - base_test.py:[69] - [INFO] - Setting up 'chrome' browser (Headless: False)
2025-06-19 22:36:50,139 - base_test.py:[85] - [INFO] - Using dedicated Chrome profile: F:\TY_New\PythonRMG\HarshaFW_Python\automation_chrome_profile
2025-06-19 22:36:51,547 - base_test.py:[107] - [INFO] - Chrome WebDriver initialized with dedicated profile and popup suppression.
2025-06-19 22:36:51,737 - base_page.py:[102] - [INFO] - Successfully navigated to: https://www.saucedemo.com/
2025-06-19 22:36:51,738 - login_page.py:[24] - [INFO] - Attempting to log in with username: standard_user
2025-06-19 22:36:51,813 - base_page.py:[55] - [INFO] - Successfully entered text into element: ('id', 'user-name')
2025-06-19 22:36:51,889 - base_page.py:[55] - [INFO] - Successfully entered text into element: ('id', 'password')
2025-06-19 22:36:51,972 - base_page.py:[38] - [INFO] - Successfully clicked element: ('id', 'login-button')
2025-06-19 22:36:51,988 - base_page.py:[70] - [INFO] - Element is visible: ('class name', 'title')
2025-06-19 22:36:52,009 - base_page.py:[84] - [INFO] - Retrieved text 'Products' from element: ('class name', 'title')
2025-06-19 22:36:52,009 - test_smoke_journey.py:[47] - [INFO] - Login successful and inventory page is displayed.
2025-06-19 22:36:52,054 - base_page.py:[38] - [INFO] - Successfully clicked element: ('xpath', "//div[text()='Sauce Labs Backpack']/ancestor::div[@class='inventory_item']//button")
2025-06-19 22:36:52,054 - inventory_page.py:[42] - [INFO] - Clicked 'Add to Cart' for item: Sauce Labs Backpack
2025-06-19 22:36:52,054 - inventory_page.py:[56] - [INFO] - Waiting for cart badge to show '1'...
2025-06-19 22:36:52,065 - inventory_page.py:[60] - [INFO] - Cart badge updated correctly.
2025-06-19 22:36:52,065 - test_smoke_journey.py:[52] - [INFO] - Item added to cart and badge count is correct.
2025-06-19 22:36:52,112 - base_page.py:[38] - [INFO] - Successfully clicked element: ('id', 'shopping_cart_container')
2025-06-19 22:36:52,124 - base_page.py:[70] - [INFO] - Element is visible: ('xpath', "//div[@class='inventory_item_name' and text()='Sauce Labs Backpack']")
2025-06-19 22:36:52,124 - test_smoke_journey.py:[57] - [INFO] - Successfully navigated to cart and verified the item.
2025-06-19 22:36:52,171 - base_page.py:[38] - [INFO] - Successfully clicked element: ('id', 'checkout')
2025-06-19 22:36:52,171 - cart_page.py:[36] - [INFO] - Clicked the Checkout button.
2025-06-19 22:36:52,231 - base_page.py:[55] - [INFO] - Successfully entered text into element: ('id', 'first-name')
2025-06-19 22:36:52,283 - base_page.py:[55] - [INFO] - Successfully entered text into element: ('id', 'last-name')
2025-06-19 22:36:52,330 - base_page.py:[55] - [INFO] - Successfully entered text into element: ('id', 'postal-code')
2025-06-19 22:36:52,330 - checkout_step_one_page.py:[26] - [INFO] - Filled checkout information for Test User.
2025-06-19 22:36:52,388 - base_page.py:[38] - [INFO] - Successfully clicked element: ('id', 'continue')
2025-06-19 22:36:52,388 - checkout_step_one_page.py:[31] - [INFO] - Clicked the Continue button on checkout page.
2025-06-19 22:36:52,388 - test_smoke_journey.py:[63] - [INFO] - Filled checkout info and continued to the overview page.
2025-06-19 22:36:52,400 - base_page.py:[70] - [INFO] - Element is visible: ('class name', 'title')
2025-06-19 22:36:52,413 - base_page.py:[84] - [INFO] - Retrieved text 'Checkout: Overview' from element: ('class name', 'title')
2025-06-19 22:36:52,457 - base_page.py:[38] - [INFO] - Successfully clicked element: ('id', 'finish')
2025-06-19 22:36:52,458 - checkout_step_two_page.py:[26] - [INFO] - Clicked the Finish button.
2025-06-19 22:36:52,458 - test_smoke_journey.py:[68] - [INFO] - Verified overview and finished the purchase.
2025-06-19 22:36:52,471 - base_page.py:[70] - [INFO] - Element is visible: ('class name', 'complete-header')
2025-06-19 22:36:52,484 - base_page.py:[84] - [INFO] - Retrieved text 'Thank you for your order!' from element: ('class name', 'complete-header')
2025-06-19 22:36:52,484 - test_smoke_journey.py:[73] - [INFO] - Order confirmed with message: Thank you for your order!
2025-06-19 22:36:52,524 - base_page.py:[38] - [INFO] - Successfully clicked element: ('id', 'react-burger-menu-btn')
2025-06-19 22:36:53,099 - base_page.py:[38] - [INFO] - Successfully clicked element: ('id', 'logout_sidebar_link')
2025-06-19 22:36:53,100 - inventory_page.py:[75] - [INFO] - User logged out successfully.
2025-06-19 22:36:53,109 - base_page.py:[70] - [INFO] - Element is visible: ('id', 'login-button')
2025-06-19 22:36:53,110 - test_smoke_journey.py:[79] - [INFO] - Logout was successful.
2025-06-19 22:36:53,116 - base_test.py:[61] - [INFO] - --- Finished test: test_end_to_end_purchase_happy_path ---
2025-06-19 22:36:55,438 - conftest.py:[54] - [INFO] - --- Test run finished. ---
