2025-10-28 12:00:53,217 - conftest.py:[52] - [INFO] - --- Test run started. Logging to D:\supertails_automation\logs\logs_28_10_2025_12_00_53\log_28_10_2025_12_00_53.log ---
2025-10-28 12:00:53,217 - base_test.py:[35] - [INFO] - --- Starting test: test_add_product_to_cart_from_catalog ---
2025-10-28 12:00:53,221 - base_test.py:[46] - [INFO] - Running test on browser: CHROME
2025-10-28 12:00:53,222 - base_test.py:[46] - [INFO] - Running test on browser: EDGE
2025-10-28 12:00:53,222 - base_test.py:[76] - [INFO] - Setting up 'edge' browser (Headless: False)
2025-10-28 12:00:54,997 - base_test.py:[132] - [INFO] - Edge WebDriver initialized successfully.
2025-10-28 12:00:55,046 - test_integration_cart_catalog.py:[27] - [INFO] - Navigating to URL: https://supertails.com/
2025-10-28 12:01:20,932 - product_catalog.py:[17] - [INFO] - searching for product fdog food
2025-10-28 12:01:21,041 - base_page.py:[52] - [INFO] - Successfully entered text into element: ('css selector', 'input#mainfrm')
2025-10-28 12:01:22,160 - product_catalog.py:[22] - [WARNING] - Search button click intercepted, retrying with JS click
2025-10-28 12:01:46,243 - product_catalog.py:[27] - [INFO] - getting for products
2025-10-28 12:01:47,424 - product_catalog.py:[33] - [INFO] - clicking the product
2025-10-28 12:02:11,016 - test_integration_cart_catalog.py:[39] - [INFO] - Opened 3rd product from search results successfully.
2025-10-28 12:02:11,017 - product_catalog.py:[42] - [INFO] - Clicking Add to Cart button on product detail page
2025-10-28 12:02:11,276 - base_page.py:[36] - [INFO] - Successfully clicked element: ('xpath', '//span[contains(text(),"Add to Cart")]/..')
2025-10-28 12:02:11,276 - product_catalog.py:[45] - [INFO] - Add to Cart button clicked successfully
2025-10-28 12:02:11,276 - test_integration_cart_catalog.py:[41] - [INFO] - Product added to cart successfully.
2025-10-28 12:02:16,277 - cart.py:[15] - [INFO] - opening cart
2025-10-28 12:02:40,286 - base_page.py:[36] - [INFO] - Successfully clicked element: ('xpath', '(//a[@id="HeaderCartTrigger"])[2]')
2025-10-28 12:02:43,287 - cart.py:[19] - [INFO] - getting items in cart
2025-10-28 12:02:43,365 - base_test.py:[68] - [INFO] - --- Finished test: test_add_product_to_cart_from_catalog ---
2025-10-28 12:02:46,256 - conftest.py:[54] - [INFO] - --- Test run finished. ---
