2025-06-21 12:17:06,398 - conftest.py:[52] - [INFO] - --- Test run started. Logging to F:\TY_New\PythonRMG\HarshaFW_Python\logs\logs_21_06_2025_12_17_06\log_21_06_2025_12_17_06.log ---
2025-06-21 12:17:06,399 - base_test.py:[33] - [INFO] - --- Starting test: test_select_date_with_arrows ---
2025-06-21 12:17:06,401 - base_test.py:[69] - [INFO] - Setting up 'chrome' browser (Headless: False)
2025-06-21 12:17:06,402 - base_test.py:[85] - [INFO] - Using dedicated Chrome profile: F:\TY_New\PythonRMG\HarshaFW_Python\automation_chrome_profile
2025-06-21 12:17:07,864 - base_test.py:[107] - [INFO] - Chrome WebDriver initialized with dedicated profile and popup suppression.
2025-06-21 12:17:10,924 - base_page.py:[99] - [INFO] - Successfully navigated to: https://testautomationpractice.blogspot.com/
2025-06-21 12:17:10,926 - date_picker_page.py:[42] - [INFO] - Attempting to select date using arrows: 15-August-2026
2025-06-21 12:17:10,945 - base_page.py:[127] - [INFO] - Scrolled to element: ('id', 'datepicker')
2025-06-21 12:17:11,045 - base_page.py:[36] - [INFO] - Successfully clicked element: ('id', 'datepicker')
2025-06-21 12:17:11,056 - base_page.py:[113] - [INFO] - Element found: ('id', 'ui-datepicker-div')
2025-06-21 12:17:11,083 - base_page.py:[81] - [INFO] - Retrieved text 'June' from element: ('class name', 'ui-datepicker-month')
2025-06-21 12:17:11,107 - base_page.py:[81] - [INFO] - Retrieved text '2025' from element: ('class name', 'ui-datepicker-year')
2025-06-21 12:17:11,183 - base_page.py:[36] - [INFO] - Successfully clicked element: ('xpath', "//a[@data-handler='next']")
2025-06-21 12:17:11,417 - base_page.py:[81] - [INFO] - Retrieved text 'July' from element: ('class name', 'ui-datepicker-month')
2025-06-21 12:17:11,436 - base_page.py:[81] - [INFO] - Retrieved text '2025' from element: ('class name', 'ui-datepicker-year')
2025-06-21 12:17:11,491 - base_page.py:[36] - [INFO] - Successfully clicked element: ('xpath', "//a[@data-handler='next']")
2025-06-21 12:17:11,713 - base_page.py:[81] - [INFO] - Retrieved text 'August' from element: ('class name', 'ui-datepicker-month')
2025-06-21 12:17:11,728 - base_page.py:[81] - [INFO] - Retrieved text '2025' from element: ('class name', 'ui-datepicker-year')
2025-06-21 12:17:11,774 - base_page.py:[36] - [INFO] - Successfully clicked element: ('xpath', "//a[@data-handler='next']")
2025-06-21 12:17:12,012 - base_page.py:[81] - [INFO] - Retrieved text 'September' from element: ('class name', 'ui-datepicker-month')
2025-06-21 12:17:12,026 - base_page.py:[81] - [INFO] - Retrieved text '2025' from element: ('class name', 'ui-datepicker-year')
2025-06-21 12:17:12,077 - base_page.py:[36] - [INFO] - Successfully clicked element: ('xpath', "//a[@data-handler='next']")
2025-06-21 12:17:12,305 - base_page.py:[81] - [INFO] - Retrieved text 'October' from element: ('class name', 'ui-datepicker-month')
2025-06-21 12:17:12,320 - base_page.py:[81] - [INFO] - Retrieved text '2025' from element: ('class name', 'ui-datepicker-year')
2025-06-21 12:17:12,370 - base_page.py:[36] - [INFO] - Successfully clicked element: ('xpath', "//a[@data-handler='next']")
2025-06-21 12:17:12,607 - base_page.py:[81] - [INFO] - Retrieved text 'November' from element: ('class name', 'ui-datepicker-month')
2025-06-21 12:17:12,640 - base_page.py:[81] - [INFO] - Retrieved text '2025' from element: ('class name', 'ui-datepicker-year')
2025-06-21 12:17:12,730 - base_page.py:[36] - [INFO] - Successfully clicked element: ('xpath', "//a[@data-handler='next']")
2025-06-21 12:17:12,953 - base_page.py:[81] - [INFO] - Retrieved text 'December' from element: ('class name', 'ui-datepicker-month')
2025-06-21 12:17:12,969 - base_page.py:[81] - [INFO] - Retrieved text '2025' from element: ('class name', 'ui-datepicker-year')
2025-06-21 12:17:13,024 - base_page.py:[36] - [INFO] - Successfully clicked element: ('xpath', "//a[@data-handler='next']")
2025-06-21 12:17:13,247 - base_page.py:[81] - [INFO] - Retrieved text 'January' from element: ('class name', 'ui-datepicker-month')
2025-06-21 12:17:13,266 - base_page.py:[81] - [INFO] - Retrieved text '2026' from element: ('class name', 'ui-datepicker-year')
2025-06-21 12:17:13,322 - base_page.py:[36] - [INFO] - Successfully clicked element: ('xpath', "//a[@data-handler='next']")
2025-06-21 12:17:13,540 - base_page.py:[81] - [INFO] - Retrieved text 'February' from element: ('class name', 'ui-datepicker-month')
2025-06-21 12:17:13,554 - base_page.py:[81] - [INFO] - Retrieved text '2026' from element: ('class name', 'ui-datepicker-year')
2025-06-21 12:17:13,600 - base_page.py:[36] - [INFO] - Successfully clicked element: ('xpath', "//a[@data-handler='next']")
2025-06-21 12:17:13,822 - base_page.py:[81] - [INFO] - Retrieved text 'March' from element: ('class name', 'ui-datepicker-month')
2025-06-21 12:17:13,835 - base_page.py:[81] - [INFO] - Retrieved text '2026' from element: ('class name', 'ui-datepicker-year')
2025-06-21 12:17:13,876 - base_page.py:[36] - [INFO] - Successfully clicked element: ('xpath', "//a[@data-handler='next']")
2025-06-21 12:17:14,103 - base_page.py:[81] - [INFO] - Retrieved text 'April' from element: ('class name', 'ui-datepicker-month')
2025-06-21 12:17:14,116 - base_page.py:[81] - [INFO] - Retrieved text '2026' from element: ('class name', 'ui-datepicker-year')
2025-06-21 12:17:14,158 - base_page.py:[36] - [INFO] - Successfully clicked element: ('xpath', "//a[@data-handler='next']")
2025-06-21 12:17:14,381 - base_page.py:[81] - [INFO] - Retrieved text 'May' from element: ('class name', 'ui-datepicker-month')
2025-06-21 12:17:14,394 - base_page.py:[81] - [INFO] - Retrieved text '2026' from element: ('class name', 'ui-datepicker-year')
2025-06-21 12:17:14,440 - base_page.py:[36] - [INFO] - Successfully clicked element: ('xpath', "//a[@data-handler='next']")
2025-06-21 12:17:14,660 - base_page.py:[81] - [INFO] - Retrieved text 'June' from element: ('class name', 'ui-datepicker-month')
2025-06-21 12:17:14,675 - base_page.py:[81] - [INFO] - Retrieved text '2026' from element: ('class name', 'ui-datepicker-year')
2025-06-21 12:17:14,719 - base_page.py:[36] - [INFO] - Successfully clicked element: ('xpath', "//a[@data-handler='next']")
2025-06-21 12:17:14,940 - base_page.py:[81] - [INFO] - Retrieved text 'July' from element: ('class name', 'ui-datepicker-month')
2025-06-21 12:17:14,954 - base_page.py:[81] - [INFO] - Retrieved text '2026' from element: ('class name', 'ui-datepicker-year')
2025-06-21 12:17:14,995 - base_page.py:[36] - [INFO] - Successfully clicked element: ('xpath', "//a[@data-handler='next']")
2025-06-21 12:17:15,221 - base_page.py:[81] - [INFO] - Retrieved text 'August' from element: ('class name', 'ui-datepicker-month')
2025-06-21 12:17:15,238 - base_page.py:[81] - [INFO] - Retrieved text '2026' from element: ('class name', 'ui-datepicker-year')
2025-06-21 12:17:15,299 - base_page.py:[36] - [INFO] - Successfully clicked element: ('xpath', "//td[@data-handler='selectDay']/a[text()='15']")
2025-06-21 12:17:15,307 - base_page.py:[113] - [INFO] - Element found: ('id', 'datepicker')
2025-06-21 12:17:18,323 - base_test.py:[61] - [INFO] - --- Finished test: test_select_date_with_arrows ---
2025-06-21 12:17:20,705 - conftest.py:[54] - [INFO] - --- Test run finished. ---
