2025-06-18 13:04:59,814 - conftest.py:[52] - [INFO] - --- Test run started. Logging to F:\TY_New\PythonRMG\HarshaFW_Python\logs\logs_18_06_2025_13_04_59\log_18_06_2025_13_04_59.log ---
2025-06-18 13:04:59,815 - base_test.py:[34] - [INFO] - --- Starting test: test_successful_login ---
2025-06-18 13:04:59,820 - base_test.py:[78] - [INFO] - Setting up 'chrome' browser (Headless: False)
2025-06-18 13:05:03,109 - base_test.py:[97] - [INFO] - Chrome WebDriver initialized successfully using Selenium Manager.
2025-06-18 13:05:04,138 - base_page.py:[102] - [INFO] - Successfully navigated to: https://www.saucedemo.com/
2025-06-18 13:05:04,246 - base_page.py:[70] - [INFO] - Element is visible: ('id', 'user-name')
2025-06-18 13:05:04,248 - login_page.py:[24] - [INFO] - Attempting to log in with username: standard_user
2025-06-18 13:05:04,673 - base_page.py:[55] - [INFO] - Successfully entered text into element: ('id', 'user-name')
2025-06-18 13:05:05,048 - base_page.py:[55] - [INFO] - Successfully entered text into element: ('id', 'password')
2025-06-18 13:05:05,364 - base_page.py:[38] - [INFO] - Successfully clicked element: ('id', 'login-button')
2025-06-18 13:05:05,422 - base_page.py:[70] - [INFO] - Element is visible: ('class name', 'app_logo')
2025-06-18 13:05:05,439 - base_page.py:[94] - [INFO] - Current page title: Swag Labs
2025-06-18 13:05:05,448 - base_test.py:[70] - [INFO] - --- Finished test: test_successful_login ---
2025-06-18 13:05:08,646 - base_test.py:[34] - [INFO] - --- Starting test: test_invalid_login ---
2025-06-18 13:05:08,654 - base_test.py:[78] - [INFO] - Setting up 'chrome' browser (Headless: False)
2025-06-18 13:05:11,711 - base_test.py:[97] - [INFO] - Chrome WebDriver initialized successfully using Selenium Manager.
2025-06-18 13:05:12,726 - base_page.py:[102] - [INFO] - Successfully navigated to: https://www.saucedemo.com/
2025-06-18 13:05:12,833 - base_page.py:[70] - [INFO] - Element is visible: ('id', 'user-name')
2025-06-18 13:05:12,835 - login_page.py:[24] - [INFO] - Attempting to log in with username: invalid_user
2025-06-18 13:05:13,464 - base_page.py:[55] - [INFO] - Successfully entered text into element: ('id', 'user-name')
2025-06-18 13:05:13,900 - base_page.py:[55] - [INFO] - Successfully entered text into element: ('id', 'password')
2025-06-18 13:05:14,160 - base_page.py:[38] - [INFO] - Successfully clicked element: ('id', 'login-button')
2025-06-18 13:05:14,217 - base_page.py:[70] - [INFO] - Element is visible: ('css selector', "h3[data-test='error']")
2025-06-18 13:05:14,302 - base_page.py:[84] - [INFO] - Retrieved text 'Epic sadface: Username and password do not match any user in this service' from element: ('css selector', "h3[data-test='error']")
2025-06-18 13:05:24,863 - base_page.py:[73] - [INFO] - Element is not visible within 5s: ('class name', 'app_logo')
2025-06-18 13:05:24,873 - base_test.py:[70] - [INFO] - --- Finished test: test_invalid_login ---
2025-06-18 13:05:28,334 - base_test.py:[34] - [INFO] - --- Starting test: test_login_failure_for_screenshot ---
2025-06-18 13:05:28,341 - base_test.py:[78] - [INFO] - Setting up 'chrome' browser (Headless: False)
2025-06-18 13:05:31,792 - base_test.py:[97] - [INFO] - Chrome WebDriver initialized successfully using Selenium Manager.
2025-06-18 13:05:33,326 - base_page.py:[102] - [INFO] - Successfully navigated to: https://www.saucedemo.com/
2025-06-18 13:05:33,327 - login_page.py:[24] - [INFO] - Attempting to log in with username: standard_user
2025-06-18 13:05:33,853 - base_page.py:[55] - [INFO] - Successfully entered text into element: ('id', 'user-name')
2025-06-18 13:05:34,424 - base_page.py:[55] - [INFO] - Successfully entered text into element: ('id', 'password')
2025-06-18 13:05:34,741 - base_page.py:[38] - [INFO] - Successfully clicked element: ('id', 'login-button')
2025-06-18 13:05:34,803 - base_page.py:[70] - [INFO] - Element is visible: ('class name', 'app_logo')
2025-06-18 13:05:34,804 - test_login.py:[91] - [INFO] - Now asserting for an incorrect title to trigger a failure.
2025-06-18 13:05:34,816 - base_page.py:[94] - [INFO] - Current page title: Swag Labs
2025-06-18 13:05:36,604 - base_test.py:[103] - [ERROR] - Test 'test_login_failure_for_screenshot' failed. Capturing Allure screenshot.
2025-06-18 13:05:36,605 - base_test.py:[113] - [INFO] - Waiting for 2 seconds before taking screenshot...
2025-06-18 13:05:38,883 - base_test.py:[119] - [INFO] - Screenshot for Allure saved to: F:\TY_New\PythonRMG\HarshaFW_Python\reports\screenshots\failed_test_login_failure_for_screenshot_20250618_130536.png
2025-06-18 13:05:38,886 - base_test.py:[70] - [INFO] - --- Finished test: test_login_failure_for_screenshot ---
2025-06-18 13:05:42,220 - conftest.py:[54] - [INFO] - --- Test run finished. ---
